<?xml version="1.0" encoding="UTF-8"?>
<robot generator="Robot 5.0.1 (Python 3.8.10 on linux)" generated="20220804 18:22:21.888" rpa="false" schemaversion="3">
<suite id="s1" name="Windows" source="/home/congviet/Desktop/automation_test/robot_framework/web_automation_with_robotframework/windows.robot">
<test id="s1-t1" name="WindowTest" line="5">
<kw name="Open Browser" library="SeleniumLibrary">
<arg>${url}</arg>
<arg>${browser}</arg>
<doc>Opens a new browser instance to the optional ``url``.</doc>
<msg timestamp="20220804 18:22:21.956" level="INFO">Opening browser 'chrome' to base url 'https://robotframework.org/'.</msg>
<status status="PASS" starttime="20220804 18:22:21.955" endtime="20220804 18:22:53.592"/>
</kw>
<kw name="Sleep" library="BuiltIn">
<arg>3</arg>
<doc>Pauses the test executed for the given time.</doc>
<msg timestamp="20220804 18:22:56.594" level="INFO">Slept 3 seconds</msg>
<status status="PASS" starttime="20220804 18:22:53.592" endtime="20220804 18:22:56.594"/>
</kw>
<kw name="Click Link" library="SeleniumLibrary">
<arg>${selenium_library}</arg>
<arg>CTRL</arg>
<doc>Clicks a link identified by ``locator``.</doc>
<msg timestamp="20220804 18:22:56.596" level="INFO">Clicking ['link', 'link'] '//*[@id="app"]/div[5]/div[3]/div[2]/div/div/div[2]/table/tr[2]/td[1]/a' with CTRL.</msg>
<status status="PASS" starttime="20220804 18:22:56.594" endtime="20220804 18:22:56.923"/>
</kw>
<kw name="Sleep" library="BuiltIn">
<arg>3</arg>
<doc>Pauses the test executed for the given time.</doc>
<msg timestamp="20220804 18:22:59.923" level="INFO">Slept 3 seconds</msg>
<status status="PASS" starttime="20220804 18:22:56.923" endtime="20220804 18:22:59.924"/>
</kw>
<kw name="Switch Window" library="SeleniumLibrary">
<arg>GitHub - robotframework/SeleniumLibrary: Web testing library for Robot Framework</arg>
<doc>Switches to browser window matching ``locator``.</doc>
<status status="PASS" starttime="20220804 18:22:59.925" endtime="20220804 18:23:01.279"/>
</kw>
<kw name="Sleep" library="BuiltIn">
<arg>3</arg>
<doc>Pauses the test executed for the given time.</doc>
<msg timestamp="20220804 18:23:04.280" level="INFO">Slept 3 seconds</msg>
<status status="PASS" starttime="20220804 18:23:01.279" endtime="20220804 18:23:04.280"/>
</kw>
<kw name="Close Window" library="SeleniumLibrary">
<doc>Closes currently opened and selected browser window/tab.</doc>
<status status="PASS" starttime="20220804 18:23:04.280" endtime="20220804 18:23:04.351"/>
</kw>
<kw name="Sleep" library="BuiltIn">
<arg>3</arg>
<doc>Pauses the test executed for the given time.</doc>
<msg timestamp="20220804 18:23:07.352" level="INFO">Slept 3 seconds</msg>
<status status="PASS" starttime="20220804 18:23:04.352" endtime="20220804 18:23:07.352"/>
</kw>
<kw name="Close Browser" library="SeleniumLibrary">
<doc>Closes the current browser.</doc>
<status status="PASS" starttime="20220804 18:23:07.352" endtime="20220804 18:23:07.409"/>
</kw>
<status status="PASS" starttime="20220804 18:22:21.955" endtime="20220804 18:23:07.409"/>
</test>
<status status="PASS" starttime="20220804 18:22:21.889" endtime="20220804 18:23:07.409"/>
</suite>
<statistics>
<total>
<stat pass="1" fail="0" skip="0">All Tests</stat>
</total>
<tag>
</tag>
<suite>
<stat pass="1" fail="0" skip="0" id="s1" name="Windows">Windows</stat>
</suite>
</statistics>
<errors>
</errors>
</robot>
