<?xml version="1.0" encoding="UTF-8"?>
<robot generator="Robot 5.0.1 (Python 3.8.10 on linux)" generated="20220802 11:09:45.474" rpa="false" schemaversion="3">
<suite id="s1" name="Test" source="/home/congviet/Desktop/selenium/robot_framework/test.robot">
<test id="s1-t1" name="Create an Invoice" line="4">
<kw name="Comment" library="BuiltIn">
<arg>This is my first robotframework test case!</arg>
<doc>Displays the given messages in the log file as keyword arguments.</doc>
<status status="PASS" starttime="20220802 11:09:45.544" endtime="20220802 11:09:45.544"/>
</kw>
<kw name="Open Browser" library="SeleniumLibrary">
<arg>http://34.225.240.91/</arg>
<arg>chrome</arg>
<doc>Opens a new browser instance to the optional ``url``.</doc>
<msg timestamp="20220802 11:09:45.544" level="INFO">Opening browser 'chrome' to base url 'http://34.225.240.91/'.</msg>
<status status="PASS" starttime="20220802 11:09:45.544" endtime="20220802 11:09:52.048"/>
</kw>
<status status="PASS" starttime="20220802 11:09:45.543" endtime="20220802 11:09:52.050"/>
</test>
<status status="PASS" starttime="20220802 11:09:45.475" endtime="20220802 11:09:52.052"/>
</suite>
<statistics>
<total>
<stat pass="1" fail="0" skip="0">All Tests</stat>
</total>
<tag>
</tag>
<suite>
<stat pass="1" fail="0" skip="0" id="s1" name="Test">Test</stat>
</suite>
</statistics>
<errors>
</errors>
</robot>
