<?xml version="1.0" encoding="UTF-8"?>
<robot generator="Robot 5.0.1 (Python 3.8.10 on linux)" generated="20220803 15:48:54.858" rpa="false" schemaversion="3">
<suite id="s1" name="Radio Buttons And Check Boxes" source="/home/congviet/Desktop/automation_test/robot_framework/web_automation_with_robotframework/radio_buttons_and_check_boxes.robot">
<test id="s1-t1" name="Radio button and checkboxes test" line="5">
<kw name="Open Browser" library="SeleniumLibrary">
<arg>${demo_url}</arg>
<arg>${browser}</arg>
<doc>Opens a new browser instance to the optional ``url``.</doc>
<msg timestamp="20220803 15:48:54.936" level="INFO">Opening browser 'chrome' to base url 'https://www.tutorialspoint.com/selenium/selenium_automation_practice.htm'.</msg>
<status status="PASS" starttime="20220803 15:48:54.936" endtime="20220803 15:49:04.388"/>
</kw>
<kw name="Maximize Browser Window" library="SeleniumLibrary">
<doc>Maximizes current browser window.</doc>
<status status="PASS" starttime="20220803 15:49:04.388" endtime="20220803 15:49:04.490"/>
</kw>
<kw name="Set Selenium Speed" library="SeleniumLibrary">
<arg>${time_out}</arg>
<doc>Sets the delay that is waited after each Selenium command.</doc>
<status status="PASS" starttime="20220803 15:49:04.491" endtime="20220803 15:49:04.491"/>
</kw>
<kw name="Select Radio Button" library="SeleniumLibrary">
<arg>sex</arg>
<arg>Male</arg>
<doc>Sets the radio button group ``group_name`` to ``value``.</doc>
<msg timestamp="20220803 15:49:04.491" level="INFO">Selecting 'Male' from radio button 'sex'.</msg>
<status status="PASS" starttime="20220803 15:49:04.491" endtime="20220803 15:49:07.605"/>
</kw>
<kw name="make value">
<var>${value}</var>
<arg>Manual Tester</arg>
<msg timestamp="20220803 15:49:07.607" level="INFO">${value} = //input[@value='Manual Tester']</msg>
<status status="PASS" starttime="20220803 15:49:07.606" endtime="20220803 15:49:07.607"/>
</kw>
<kw name="Select Checkbox" library="SeleniumLibrary">
<arg>${value}</arg>
<doc>Selects the checkbox identified by ``locator``.</doc>
<msg timestamp="20220803 15:49:07.609" level="INFO">Selecting checkbox '//input[@value='Manual Tester']'.</msg>
<status status="PASS" starttime="20220803 15:49:07.608" endtime="20220803 15:49:12.748"/>
</kw>
<kw name="Close Browser" library="SeleniumLibrary">
<doc>Closes the current browser.</doc>
<status status="PASS" starttime="20220803 15:49:12.749" endtime="20220803 15:49:13.807"/>
</kw>
<status status="PASS" starttime="20220803 15:48:54.935" endtime="20220803 15:49:13.808"/>
</test>
<status status="PASS" starttime="20220803 15:48:54.859" endtime="20220803 15:49:13.808"/>
</suite>
<statistics>
<total>
<stat pass="1" fail="0" skip="0">All Tests</stat>
</total>
<tag>
</tag>
<suite>
<stat pass="1" fail="0" skip="0" id="s1" name="Radio Buttons And Check Boxes">Radio Buttons And Check Boxes</stat>
</suite>
</statistics>
<errors>
</errors>
</robot>
