<?xml version="1.0" encoding="UTF-8"?>
<robot generator="Robot 5.0.1 (Python 3.8.10 on linux)" generated="20220802 14:10:29.046" rpa="false" schemaversion="3">
<suite id="s1" name="Robot Testcase03" source="/home/congviet/Desktop/automation_test/robot_framework/TAU-robot-framework-tutorial/robot_testcase03.robot">
<test id="s1-t1" name="Check invoice manager contained in page" line="4">
<kw name="Comment" library="BuiltIn">
<arg>${comment}</arg>
<doc>Displays the given messages in the log file as keyword arguments.</doc>
<status status="PASS" starttime="20220802 14:10:29.118" endtime="20220802 14:10:29.118"/>
</kw>
<kw name="Open Browser" library="SeleniumLibrary">
<arg>${url}</arg>
<arg>chrome</arg>
<doc>Opens a new browser instance to the optional ``url``.</doc>
<msg timestamp="20220802 14:10:29.118" level="INFO">Opening browser 'chrome' to base url 'http://34.225.240.91/'.</msg>
<status status="PASS" starttime="20220802 14:10:29.118" endtime="20220802 14:10:32.219"/>
</kw>
<kw name="Page Should Contain" library="SeleniumLibrary">
<arg>${phrase}</arg>
<doc>Verifies that current page contains ``text``.</doc>
<msg timestamp="20220802 14:10:32.235" level="INFO">Current page contains text 'Invoice Manager'.</msg>
<status status="PASS" starttime="20220802 14:10:32.220" endtime="20220802 14:10:32.235"/>
</kw>
<status status="PASS" starttime="20220802 14:10:29.117" endtime="20220802 14:10:32.235"/>
</test>
<status status="PASS" starttime="20220802 14:10:29.046" endtime="20220802 14:10:32.236"/>
</suite>
<statistics>
<total>
<stat pass="1" fail="0" skip="0">All Tests</stat>
</total>
<tag>
</tag>
<suite>
<stat pass="1" fail="0" skip="0" id="s1" name="Robot Testcase03">Robot Testcase03</stat>
</suite>
</statistics>
<errors>
</errors>
</robot>
