<?xml version="1.0" encoding="UTF-8"?>
<robot generator="Robot 5.0.1 (Python 3.8.10 on linux)" generated="20220802 12:55:29.143" rpa="false" schemaversion="3">
<suite id="s1" name="Robot Interactive Console" source="/home/congviet/.vscode/extensions/robocorp.robotframework-lsp-0.49.0/src/robotframework_ls/vendored/robotframework_interactive/robot_interactive_console.robot">
<test id="s1-t1" name="Default Task/Test" line="5">
<kw name="Interpreter Main Loop" library="MainLoop">
<kw name="Should Be Equal As Integers" library="BuiltIn">
<arg>5</arg>
<arg>${sum}</arg>
<doc>Fails if objects are unequal after converting them to integers.</doc>
<msg timestamp="20220802 12:56:09.819" level="FAIL">Variable '${sum}' not found.</msg>
<status status="FAIL" starttime="20220802 12:56:09.818" endtime="20220802 12:56:09.819"/>
</kw>
<kw name="Add">
<var>${sum}</var>
<arg>2</arg>
<arg>3</arg>
<msg timestamp="20220802 12:56:18.386" level="FAIL">No keyword with name 'Add' found.</msg>
<status status="FAIL" starttime="20220802 12:56:18.385" endtime="20220802 12:56:18.386"/>
</kw>
<kw name="Add">
<var>${sum}</var>
<arg>2</arg>
<arg>3</arg>
<kw name="Evaluate" library="BuiltIn">
<var>${value}</var>
<arg>${first_num} + ${second_num}</arg>
<doc>Evaluates the given expression in Python and returns the result.</doc>
<msg timestamp="20220802 12:56:51.109" level="INFO">${value} = 5</msg>
<status status="PASS" starttime="20220802 12:56:51.109" endtime="20220802 12:56:51.109"/>
</kw>
<msg timestamp="20220802 12:56:51.109" level="INFO">${sum} = 5</msg>
<status status="PASS" starttime="20220802 12:56:51.109" endtime="20220802 12:56:51.109"/>
</kw>
<kw name="Log To Console" library="BuiltIn">
<arg>${sum{</arg>
<doc>Logs the given message to the console.</doc>
<msg timestamp="20220802 12:57:06.849" level="FAIL">Variable '${sum{' was not closed properly.</msg>
<status status="FAIL" starttime="20220802 12:57:06.849" endtime="20220802 12:57:06.849"/>
</kw>
<kw name="Log To Console" library="BuiltIn">
<arg>${sum}</arg>
<doc>Logs the given message to the console.</doc>
<status status="PASS" starttime="20220802 12:57:10.361" endtime="20220802 12:57:10.362"/>
</kw>
<status status="PASS" starttime="20220802 12:55:29.153" endtime="20220802 14:19:25.220"/>
</kw>
<status status="PASS" starttime="20220802 12:55:29.152" endtime="20220802 14:19:25.221"/>
</test>
<status status="PASS" starttime="20220802 12:55:29.143" endtime="20220802 14:19:25.221"/>
</suite>
<statistics>
<total>
<stat pass="1" fail="0" skip="0">All Tests</stat>
</total>
<tag>
</tag>
<suite>
<stat pass="1" fail="0" skip="0" id="s1" name="Robot Interactive Console">Robot Interactive Console</stat>
</suite>
</statistics>
<errors>
</errors>
</robot>
